2020-03-28 13:57:38.957  INFO 18920 --- [main] lavalink.server.Launcher                 : 

[32m       .  [31m _                  _ _       _    [32m__ _ _
[32m      /\\ [31m| | __ ___   ____ _| (_)_ __ | | __[32m\ \ \ \
[32m     ( ( )[31m| |/ _` \ \ / / _` | | | '_ \| |/ /[32m \ \ \ \
[32m      \\/ [31m| | (_| |\ V / (_| | | | | | |   < [32m  ) ) ) )
[32m       '  [31m|_|\__,_| \_/ \__,_|_|_|_| |_|_|\_\[32m / / / /
[0m    =========================================[32m/_/_/_/[0m

	Version:        3.3.1
	Build:          997
	Build time:     25.03.2020 12:30:43 UTC
	Branch          master
	Commit:         29f68ba
	Commit time:    25.03.2020 12:28:48 UTC
	JVM:            11.0.6
	Lavaplayer      1.3.38

2020-03-28 13:57:39.102  INFO 18920 --- [main] lavalink.server.Launcher                 : Starting Launcher on DESKTOP-A3F1L1P with PID 18920 (C:\Users\Jonathan\source\repos\Discord Console Core\Lavalink.jar started by Jonathan in C:\Users\Jonathan\source\repos\Discord Console Core)
2020-03-28 13:57:39.104  INFO 18920 --- [main] lavalink.server.Launcher                 : No active profile set, falling back to default profiles: default
2020-03-28 13:57:39.231  WARN 18920 --- [background-preinit] o.s.h.c.j.Jackson2ObjectMapperBuilder    : For Jackson Kotlin classes support please add "com.fasterxml.jackson.module:jackson-module-kotlin" to the classpath
2020-03-28 13:57:41.126  WARN 18920 --- [main] io.undertow.websockets.jsr               : UT026010: Buffer pool was not set on WebSocketDeploymentInfo, the default pool will be used
2020-03-28 13:57:41.157  INFO 18920 --- [main] io.undertow.servlet                      : Initializing Spring embedded WebApplicationContext
2020-03-28 13:57:41.157  INFO 18920 --- [main] o.s.web.context.ContextLoader            : Root WebApplicationContext: initialization completed in 1984 ms
2020-03-28 13:57:41.618  WARN 18920 --- [main] l.server.config.SentryConfiguration      : Turning off sentry
2020-03-28 13:57:41.635  INFO 18920 --- [main] l.s.c.AudioSendFactoryConfiguration      : OS: Windows 10, Arch: amd64
2020-03-28 13:57:41.636  INFO 18920 --- [main] l.s.c.AudioSendFactoryConfiguration      : JDA-NAS supported system detected. Enabled native audio sending.
2020-03-28 13:57:41.637  INFO 18920 --- [main] l.s.c.AudioSendFactoryConfiguration      : Setting buffer to 400ms
2020-03-28 13:57:41.638  INFO 18920 --- [main] l.s.c.AudioSendFactoryConfiguration      : Setting playlist load limit to 6
2020-03-28 13:57:42.070  INFO 18920 --- [main] c.s.d.l.tools.GarbageCollectionMonitor   : GC monitoring enabled, reporting results every 2 minutes.
2020-03-28 13:57:42.614  INFO 18920 --- [main] o.s.s.concurrent.ThreadPoolTaskExecutor  : Initializing ExecutorService 'applicationTaskExecutor'
2020-03-28 13:57:43.103  INFO 18920 --- [main] org.xnio                                 : XNIO version 3.3.8.Final
2020-03-28 13:57:43.118  INFO 18920 --- [main] org.xnio.nio                             : XNIO NIO Implementation Version 3.3.8.Final
2020-03-28 13:57:43.212  INFO 18920 --- [main] o.s.b.w.e.u.UndertowServletWebServer     : Undertow started on port(s) 2333 (http) with context path ''
2020-03-28 13:57:43.218  INFO 18920 --- [main] lavalink.server.Launcher                 : Started Launcher in 4.997 seconds (JVM running for 5.665)
2020-03-28 13:57:56.014  INFO 17852 --- [main] lavalink.server.Launcher                 : 

[32m       .  [31m _                  _ _       _    [32m__ _ _
[32m      /\\ [31m| | __ ___   ____ _| (_)_ __ | | __[32m\ \ \ \
[32m     ( ( )[31m| |/ _` \ \ / / _` | | | '_ \| |/ /[32m \ \ \ \
[32m      \\/ [31m| | (_| |\ V / (_| | | | | | |   < [32m  ) ) ) )
[32m       '  [31m|_|\__,_| \_/ \__,_|_|_|_| |_|_|\_\[32m / / / /
[0m    =========================================[32m/_/_/_/[0m

	Version:        3.3.1
	Build:          997
	Build time:     25.03.2020 12:30:43 UTC
	Branch          master
	Commit:         29f68ba
	Commit time:    25.03.2020 12:28:48 UTC
	JVM:            11.0.6
	Lavaplayer      1.3.38

2020-03-28 13:57:56.171  INFO 17852 --- [main] lavalink.server.Launcher                 : Starting Launcher on DESKTOP-A3F1L1P with PID 17852 (C:\Users\Jonathan\source\repos\Discord Console Core\Lavalink.jar started by Jonathan in C:\Users\Jonathan\source\repos\Discord Console Core)
2020-03-28 13:57:56.172  INFO 17852 --- [main] lavalink.server.Launcher                 : No active profile set, falling back to default profiles: default
2020-03-28 13:57:56.307  WARN 17852 --- [background-preinit] o.s.h.c.j.Jackson2ObjectMapperBuilder    : For Jackson Kotlin classes support please add "com.fasterxml.jackson.module:jackson-module-kotlin" to the classpath
2020-03-28 13:57:58.064  WARN 17852 --- [main] io.undertow.websockets.jsr               : UT026010: Buffer pool was not set on WebSocketDeploymentInfo, the default pool will be used
2020-03-28 13:57:58.095  INFO 17852 --- [main] io.undertow.servlet                      : Initializing Spring embedded WebApplicationContext
2020-03-28 13:57:58.096  INFO 17852 --- [main] o.s.web.context.ContextLoader            : Root WebApplicationContext: initialization completed in 1838 ms
2020-03-28 13:57:58.753  WARN 17852 --- [main] l.server.config.SentryConfiguration      : Turning off sentry
2020-03-28 13:57:58.772  INFO 17852 --- [main] l.s.c.AudioSendFactoryConfiguration      : OS: Windows 10, Arch: amd64
2020-03-28 13:57:58.773  INFO 17852 --- [main] l.s.c.AudioSendFactoryConfiguration      : JDA-NAS supported system detected. Enabled native audio sending.
2020-03-28 13:57:58.773  INFO 17852 --- [main] l.s.c.AudioSendFactoryConfiguration      : Setting buffer to 400ms
2020-03-28 13:57:58.774  INFO 17852 --- [main] l.s.c.AudioSendFactoryConfiguration      : Setting playlist load limit to 6
2020-03-28 13:57:59.231  INFO 17852 --- [main] c.s.d.l.tools.GarbageCollectionMonitor   : GC monitoring enabled, reporting results every 2 minutes.
2020-03-28 13:58:00.116  INFO 17852 --- [main] o.s.s.concurrent.ThreadPoolTaskExecutor  : Initializing ExecutorService 'applicationTaskExecutor'
2020-03-28 13:58:00.687  INFO 17852 --- [main] org.xnio                                 : XNIO version 3.3.8.Final
2020-03-28 13:58:00.699  INFO 17852 --- [main] org.xnio.nio                             : XNIO NIO Implementation Version 3.3.8.Final
2020-03-28 13:58:00.785  INFO 17852 --- [main] o.s.b.w.e.u.UndertowServletWebServer     : Undertow started on port(s) 2333 (http) with context path ''
2020-03-28 13:58:00.790  INFO 17852 --- [main] lavalink.server.Launcher                 : Started Launcher in 5.473 seconds (JVM running for 6.124)
